#
# A fatal error has been detected by the Java Runtime Environment:
#
#  EXCEPTION_ACCESS_VIOLATION (0xc0000005) at pc=0x56ff4ae0, pid=7868, tid=8412
#
# JRE version: Java(TM) SE Runtime Environment (7.0_67-b01) (build 1.7.0_67-b01)
# Java VM: Java HotSpot(TM) Client VM (24.65-b04 mixed mode, sharing windows-x86 )
# Problematic frame:
# C  [bwapi_bridge.dll+0x114ae0]
#
# Failed to write core dump. Minidumps are not enabled by default on client versions of Windows
#
# If you would like to submit a bug report, please visit:
#   http://bugreport.sun.com/bugreport/crash.jsp
# The crash happened outside the Java Virtual Machine in native code.
# See problematic frame for where to report the bug.
#

---------------  T H R E A D  ---------------

Current thread (0x0268c400):  JavaThread "main" [_thread_in_native, id=8412, stack(0x01040000,0x01090000)]

siginfo: ExceptionCode=0xc0000005, writing address 0x5f800a42

Registers:
EAX=0x5f7fcbaa, EBX=0x38e645a0, ECX=0x069b9870, EDX=0x00000fa6
ESP=0x0108d798, EBP=0x0108d8e4, ESI=0x000000bc, EDI=0x0268c400
EIP=0x56ff4ae0, EFLAGS=0x00010216

Top of Stack: (sp=0x0108d798)
0x0108d798:   743ce761 06cfa048 00000000 00000000
0x0108d7a8:   00000000 0704e100 00000002 0673e1b0
0x0108d7b8:   0673e154 5702b280 ffffffff 0108d7d4
0x0108d7c8:   3fffffff 069534ac 0704e100 0108d828
0x0108d7d8:   56f5cb16 743ce7ad 069534ac 069534ac
0x0108d7e8:   069534ac 069534ac 069534ac 00000004
0x0108d7f8:   00000002 0108d7d8 0108d7d8 0108d7fb
0x0108d808:   00000014 0108d7fa 0673af70 0673af70 

Instructions: (pc=0x56ff4ae0)
0x56ff4ac0:   02 f5 ff 89 45 ec 8b 4d 0c e8 f2 96 f4 ff 89 45
0x56ff4ad0:   f0 8b 4d ec 51 8b 4d 14 e8 f3 06 03 00 8b 55 f0
0x56ff4ae0:   c7 04 90 00 00 00 00 8d 4d b0 e8 a1 1b 00 00 0f
0x56ff4af0:   b6 c0 85 c0 0f 85 b1 02 00 00 8d 4d b0 e8 fe 35 


Register to memory mapping:

EAX=0x5f7fcbaa is an unknown value
EBX=0x38e645a0 is an oop
{method} 
 - klass: {other class}
ECX=0x069b9870 is an unknown value
EDX=0x00000fa6 is an unknown value
ESP=0x0108d798 is pointing into the stack for thread: 0x0268c400
EBP=0x0108d8e4 is pointing into the stack for thread: 0x0268c400
ESI=0x000000bc is an unknown value
EDI=0x0268c400 is a thread


Stack: [0x01040000,0x01090000],  sp=0x0108d798,  free space=309k
Native frames: (J=compiled Java code, j=interpreted, Vv=VM code, C=native code)
C  [bwapi_bridge.dll+0x114ae0]
C  [bwapi_bridge.dll+0x11fd3d]
C  [bwapi_bridge.dll+0x6dcf4]
C  [bwapi_bridge.dll+0x6d806]
C  [bwapi_bridge.dll+0x13685]
j  TestBot1$1.onStart()V+45
j  bwapi.AIModule.onStart()V+11
v  ~StubRoutines::call_stub
V  [jvm.dll+0x1410fa]
V  [jvm.dll+0x20567e]
V  [jvm.dll+0x14117d]
V  [jvm.dll+0xcaa72]
V  [jvm.dll+0xce6c3]
C  [bwapi_bridge.dll+0x107a]
C  [bwapi_bridge.dll+0x2822e]
j  bwapi.Mirror.startGame()V+0
j  TestBot1.run()V+22
j  TestBot1.main([Ljava/lang/String;)V+7
v  ~StubRoutines::call_stub
V  [jvm.dll+0x1410fa]
V  [jvm.dll+0x20567e]
V  [jvm.dll+0x14117d]
V  [jvm.dll+0xca7f5]
V  [jvm.dll+0xd5497]
C  [javaw.exe+0x2070]
C  [javaw.exe+0xa601]
C  [javaw.exe+0xa68b]
C  [kernel32.dll+0x1338a]
C  [ntdll.dll+0x39f72]
C  [ntdll.dll+0x39f45]

Java frames: (J=compiled Java code, j=interpreted, Vv=VM code)
j  bwta.BWTA.analyze()V+0
j  TestBot1$1.onStart()V+45
j  bwapi.AIModule.onStart()V+11
v  ~StubRoutines::call_stub
j  bwapi.Mirror.startGame()V+0
j  TestBot1.run()V+22
j  TestBot1.main([Ljava/lang/String;)V+7
v  ~StubRoutines::call_stub

---------------  P R O C E S S  ---------------

Java Threads: ( => current thread )
  0x00f9f400 JavaThread "Service Thread" daemon [_thread_blocked, id=8492, stack(0x04950000,0x049a0000)]
  0x00f9a400 JavaThread "C1 CompilerThread0" daemon [_thread_blocked, id=8896, stack(0x04c20000,0x04c70000)]
  0x00f99400 JavaThread "Attach Listener" daemon [_thread_blocked, id=3696, stack(0x04ab0000,0x04b00000)]
  0x00f96000 JavaThread "Signal Dispatcher" daemon [_thread_blocked, id=8272, stack(0x04b20000,0x04b70000)]
  0x00f29c00 JavaThread "Finalizer" daemon [_thread_blocked, id=7288, stack(0x04a40000,0x04a90000)]
  0x00f28000 JavaThread "Reference Handler" daemon [_thread_blocked, id=8860, stack(0x04870000,0x048c0000)]
=>0x0268c400 JavaThread "main" [_thread_in_native, id=8412, stack(0x01040000,0x01090000)]

Other Threads:
  0x00f26000 VMThread [stack: 0x04780000,0x047d0000] [id=7504]
  0x00fb5400 WatcherThread [stack: 0x04d90000,0x04de0000] [id=6904]

VM state:not at safepoint (normal execution)

VM Mutex/Monitor currently owned by a thread: None

Heap
 def new generation   total 4928K, used 2866K [0x28e00000, 0x29350000, 0x2e350000)
  eden space 4416K,  64% used [0x28e00000, 0x290cc7d8, 0x29250000)
  from space 512K,   0% used [0x29250000, 0x292501b8, 0x292d0000)
  to   space 512K,   0% used [0x292d0000, 0x292d0000, 0x29350000)
 tenured generation   total 10944K, used 234K [0x2e350000, 0x2ee00000, 0x38e00000)
   the space 10944K,   2% used [0x2e350000, 0x2e38ab58, 0x2e38ac00, 0x2ee00000)
 compacting perm gen  total 12288K, used 407K [0x38e00000, 0x39a00000, 0x3ce00000)
   the space 12288K,   3% used [0x38e00000, 0x38e65d18, 0x38e65e00, 0x39a00000)
    ro space 10240K,  42% used [0x3ce00000, 0x3d234650, 0x3d234800, 0x3d800000)
    rw space 12288K,  52% used [0x3d800000, 0x3de4be40, 0x3de4c000, 0x3e400000)

Card table byte_map: [0x025d0000,0x02680000] byte_map_base: 0x02489000

Polling page: 0x00190000

Code Cache  [0x02690000, 0x02738000, 0x04690000)
 total_blobs=219 nmethods=82 adapters=74 free_code_cache=32103Kb largest_free_block=32874048

Compilation events (10 events):
Event: 219.078 Thread 0x00f9a400   73             java.util.ArrayList::<init> (12 bytes)
Event: 219.078 Thread 0x00f9a400 nmethod 73 0x02734948 code [0x02734a40, 0x02734ad0]
Event: 219.530 Thread 0x00f9a400   74             bwapi.Race::get (45 bytes)
Event: 219.530 Thread 0x00f9a400 nmethod 74 0x02734b08 code [0x02734c40, 0x02734dd0]
Event: 219.702 Thread 0x00f9a400   76             java.util.ArrayList::iterator (10 bytes)
Event: 219.702 Thread 0x00f9a400 nmethod 76 0x02735148 code [0x02735240, 0x02735320]
Event: 219.920 Thread 0x00f9a400   77             bwapi.Mirror::update (17 bytes)
Event: 219.920 Thread 0x00f9a400 nmethod 77 0x02735d88 code [0x02735e90, 0x02735f3c]
Event: 219.920 Thread 0x00f9a400   78             bwapi.AIModule::onFrame (17 bytes)
Event: 219.920 Thread 0x00f9a400 nmethod 78 0x02735fc8 code [0x027360d0, 0x0273616c]

GC Heap History (4 events):
Event: 182.231 GC heap before
{Heap before GC invocations=0 (full 0):
 def new generation   total 4928K, used 4416K [0x28e00000, 0x29350000, 0x2e350000)
  eden space 4416K, 100% used [0x28e00000, 0x29250000, 0x29250000)
  from space 512K,   0% used [0x29250000, 0x29250000, 0x292d0000)
  to   space 512K,   0% used [0x292d0000, 0x292d0000, 0x29350000)
 tenured generation   total 10944K, used 0K [0x2e350000, 0x2ee00000, 0x38e00000)
   the space 10944K,   0% used [0x2e350000, 0x2e350000, 0x2e350200, 0x2ee00000)
 compacting perm gen  total 12288K, used 407K [0x38e00000, 0x39a00000, 0x3ce00000)
   the space 12288K,   3% used [0x38e00000, 0x38e65d18, 0x38e65e00, 0x39a00000)
    ro space 10240K,  42% used [0x3ce00000, 0x3d234650, 0x3d234800, 0x3d800000)
    rw space 12288K,  52% used [0x3d800000, 0x3de4be40, 0x3de4c000, 0x3e400000)
Event: 182.232 GC heap after
Heap after GC invocations=1 (full 0):
 def new generation   total 4928K, used 364K [0x28e00000, 0x29350000, 0x2e350000)
  eden space 4416K,   0% used [0x28e00000, 0x28e00000, 0x29250000)
  from space 512K,  71% used [0x292d0000, 0x2932b1b8, 0x29350000)
  to   space 512K,   0% used [0x29250000, 0x29250000, 0x292d0000)
 tenured generation   total 10944K, used 0K [0x2e350000, 0x2ee00000, 0x38e00000)
   the space 10944K,   0% used [0x2e350000, 0x2e350000, 0x2e350200, 0x2ee00000)
 compacting perm gen  total 12288K, used 407K [0x38e00000, 0x39a00000, 0x3ce00000)
   the space 12288K,   3% used [0x38e00000, 0x38e65d18, 0x38e65e00, 0x39a00000)
    ro space 10240K,  42% used [0x3ce00000, 0x3d234650, 0x3d234800, 0x3d800000)
    rw space 12288K,  52% used [0x3d800000, 0x3de4be40, 0x3de4c000, 0x3e400000)
}
Event: 243.210 GC heap before
{Heap before GC invocations=1 (full 0):
 def new generation   total 4928K, used 4780K [0x28e00000, 0x29350000, 0x2e350000)
  eden space 4416K, 100% used [0x28e00000, 0x29250000, 0x29250000)
  from space 512K,  71% used [0x292d0000, 0x2932b1b8, 0x29350000)
  to   space 512K,   0% used [0x29250000, 0x29250000, 0x292d0000)
 tenured generation   total 10944K, used 0K [0x2e350000, 0x2ee00000, 0x38e00000)
   the space 10944K,   0% used [0x2e350000, 0x2e350000, 0x2e350200, 0x2ee00000)
 compacting perm gen  total 12288K, used 407K [0x38e00000, 0x39a00000, 0x3ce00000)
   the space 12288K,   3% used [0x38e00000, 0x38e65d18, 0x38e65e00, 0x39a00000)
    ro space 10240K,  42% used [0x3ce00000, 0x3d234650, 0x3d234800, 0x3d800000)
    rw space 12288K,  52% used [0x3d800000, 0x3de4be40, 0x3de4c000, 0x3e400000)
Event: 243.211 GC heap after
Heap after GC invocations=2 (full 0):
 def new generation   total 4928K, used 0K [0x28e00000, 0x29350000, 0x2e350000)
  eden space 4416K,   0% used [0x28e00000, 0x28e00000, 0x29250000)
  from space 512K,   0% used [0x29250000, 0x292501b8, 0x292d0000)
  to   space 512K,   0% used [0x292d0000, 0x292d0000, 0x29350000)
 tenured generation   total 10944K, used 234K [0x2e350000, 0x2ee00000, 0x38e00000)
   the space 10944K,   2% used [0x2e350000, 0x2e38ab58, 0x2e38ac00, 0x2ee00000)
 compacting perm gen  total 12288K, used 407K [0x38e00000, 0x39a00000, 0x3ce00000)
   the space 12288K,   3% used [0x38e00000, 0x38e65d18, 0x38e65e00, 0x39a00000)
    ro space 10240K,  42% used [0x3ce00000, 0x3d234650, 0x3d234800, 0x3d800000)
    rw space 12288K,  52% used [0x3d800000, 0x3de4be40, 0x3de4c000, 0x3e400000)
}

Deoptimization events (0 events):
No events

Internal exceptions (10 events):
Event: 0.150 Thread 0x0268c400 Threw 0x28e981f0 at C:\re\jdk7u67\1368\hotspot\src\share\vm\prims\jvm.cpp:1244
Event: 0.151 Thread 0x0268c400 Threw 0x28e9b278 at C:\re\jdk7u67\1368\hotspot\src\share\vm\prims\jvm.cpp:1244
Event: 0.151 Thread 0x0268c400 Threw 0x28e9f328 at C:\re\jdk7u67\1368\hotspot\src\share\vm\prims\jvm.cpp:1244
Event: 0.152 Thread 0x0268c400 Threw 0x28ea2358 at C:\re\jdk7u67\1368\hotspot\src\share\vm\prims\jvm.cpp:1244
Event: 0.154 Thread 0x0268c400 Threw 0x28eb2db8 at C:\re\jdk7u67\1368\hotspot\src\share\vm\prims\jvm.cpp:1244
Event: 0.154 Thread 0x0268c400 Threw 0x28eb8ea8 at C:\re\jdk7u67\1368\hotspot\src\share\vm\prims\jvm.cpp:1244
Event: 77.182 Thread 0x0268c400 Threw 0x28ec1510 at C:\re\jdk7u67\1368\hotspot\src\share\vm\prims\jvm.cpp:1244
Event: 77.184 Thread 0x0268c400 Threw 0x28ed4758 at C:\re\jdk7u67\1368\hotspot\src\share\vm\prims\jvm.cpp:1244
Event: 77.186 Thread 0x0268c400 Threw 0x28ee71c0 at C:\re\jdk7u67\1368\hotspot\src\share\vm\prims\jvm.cpp:1244
Event: 108.807 Thread 0x0268c400 Threw 0x28eed808 at C:\re\jdk7u67\1368\hotspot\src\share\vm\prims\jvm.cpp:1244

Events (10 events):
Event: 182.233 Executing VM operation: RevokeBias
Event: 182.233 Executing VM operation: RevokeBias done
Event: 182.233 Executing VM operation: RevokeBias
Event: 182.233 Executing VM operation: RevokeBias done
Event: 182.233 Executing VM operation: RevokeBias
Event: 182.233 Executing VM operation: RevokeBias done
Event: 182.233 Executing VM operation: RevokeBias
Event: 182.233 Executing VM operation: RevokeBias done
Event: 243.210 Executing VM operation: GenCollectForAllocation
Event: 243.211 Executing VM operation: GenCollectForAllocation done


Dynamic libraries:
0x010a0000 - 0x010cf000 	C:\Program Files (x86)\Java\jre7\bin\javaw.exe
0x77590000 - 0x77710000 	C:\Windows\SysWOW64\ntdll.dll
0x761f0000 - 0x76300000 	C:\Windows\syswow64\kernel32.dll
0x76800000 - 0x76847000 	C:\Windows\syswow64\KERNELBASE.dll
0x74fe0000 - 0x75080000 	C:\Windows\syswow64\ADVAPI32.dll
0x75fc0000 - 0x7606c000 	C:\Windows\syswow64\msvcrt.dll
0x76cb0000 - 0x76cc9000 	C:\Windows\SysWOW64\sechost.dll
0x770a0000 - 0x77190000 	C:\Windows\syswow64\RPCRT4.dll
0x74f80000 - 0x74fe0000 	C:\Windows\syswow64\SspiCli.dll
0x74f70000 - 0x74f7c000 	C:\Windows\syswow64\CRYPTBASE.dll
0x76300000 - 0x76400000 	C:\Windows\syswow64\USER32.dll
0x76480000 - 0x76510000 	C:\Windows\syswow64\GDI32.dll
0x76e40000 - 0x76e4a000 	C:\Windows\syswow64\LPK.dll
0x76cd0000 - 0x76d6d000 	C:\Windows\syswow64\USP10.dll
0x6e0f0000 - 0x6e28e000 	C:\Windows\WinSxS\x86_microsoft.windows.common-controls_6595b64144ccf1df_6.0.7601.17514_none_41e6975e2bd6f2b2\COMCTL32.dll
0x76190000 - 0x761e7000 	C:\Windows\syswow64\SHLWAPI.dll
0x76db0000 - 0x76e10000 	C:\Windows\system32\IMM32.DLL
0x75ef0000 - 0x75fbc000 	C:\Windows\syswow64\MSCTF.dll
0x726b0000 - 0x726d9000 	c:\windows\syswow64\nvinit.dll
0x0f000000 - 0x0f006000 	C:\Program Files (x86)\NVIDIA Corporation\CoProcManager\detoured.dll
0x71700000 - 0x7172c000 	C:\Program Files (x86)\NVIDIA Corporation\CoProcManager\nvd3d9wrap.dll
0x750e0000 - 0x7527d000 	C:\Windows\syswow64\SETUPAPI.dll
0x77070000 - 0x77097000 	C:\Windows\syswow64\CFGMGR32.dll
0x76870000 - 0x768ff000 	C:\Windows\syswow64\OLEAUT32.dll
0x76b50000 - 0x76cac000 	C:\Windows\syswow64\ole32.dll
0x76d80000 - 0x76d92000 	C:\Windows\syswow64\DEVOBJ.dll
0x716e0000 - 0x71700000 	C:\Program Files (x86)\NVIDIA Corporation\CoProcManager\nvdxgiwrap.dll
0x20cc0000 - 0x20d5d000 	C:\Program Files\CheckPoint\ZAForceField\WOW64\Plugins\ISWSHEX.dll
0x70250000 - 0x702eb000 	C:\Windows\WinSxS\x86_microsoft.vc80.crt_1fc8b3b9a1e18e3b_8.0.50727.6195_none_d09154e044272b9a\MSVCR80.dll
0x76e10000 - 0x76e3e000 	C:\Windows\syswow64\WINTRUST.dll
0x76070000 - 0x76190000 	C:\Windows\syswow64\CRYPT32.dll
0x76530000 - 0x7653c000 	C:\Windows\syswow64\MSASN1.dll
0x71f50000 - 0x71fd7000 	C:\Windows\WinSxS\x86_microsoft.vc80.crt_1fc8b3b9a1e18e3b_8.0.50727.6195_none_d09154e044272b9a\MSVCP80.dll
0x5ea50000 - 0x5eb0f000 	C:\Program Files (x86)\Java\jre7\bin\msvcr100.dll
0x5f690000 - 0x5fa18000 	C:\Program Files (x86)\Java\jre7\bin\client\jvm.dll
0x74790000 - 0x74797000 	C:\Windows\system32\WSOCK32.dll
0x76710000 - 0x76745000 	C:\Windows\syswow64\WS2_32.dll
0x77560000 - 0x77566000 	C:\Windows\syswow64\NSI.dll
0x74660000 - 0x74692000 	C:\Windows\system32\WINMM.dll
0x76860000 - 0x76865000 	C:\Windows\syswow64\PSAPI.DLL
0x72090000 - 0x7209c000 	C:\Program Files (x86)\Java\jre7\bin\verify.dll
0x70090000 - 0x700b0000 	C:\Program Files (x86)\Java\jre7\bin\java.dll
0x70070000 - 0x70083000 	C:\Program Files (x86)\Java\jre7\bin\zip.dll
0x56ee0000 - 0x570f7000 	C:\Users\Lin\workspaceTFG\ExampleBot\bwapi_bridge.dll
0x10000000 - 0x1002b000 	C:\Windows\gmp-vc90-mt.dll
0x747a0000 - 0x74843000 	C:\Windows\WinSxS\x86_microsoft.vc90.crt_1fc8b3b9a1e18e3b_9.0.30729.6161_none_50934f2ebcb7eb57\MSVCR90.dll
0x74850000 - 0x748de000 	C:\Windows\WinSxS\x86_microsoft.vc90.crt_1fc8b3b9a1e18e3b_9.0.30729.6161_none_50934f2ebcb7eb57\MSVCP90.dll
0x006b0000 - 0x006f1000 	C:\Windows\mpfr-vc90-mt.dll
0x6cae0000 - 0x6cbcb000 	C:\Windows\system32\dbghelp.dll

VM Arguments:
jvm_args: -Dfile.encoding=Cp1252 
java_command: TestBot1
Launcher Type: SUN_STANDARD

Environment Variables:
PATH=C:/Program Files (x86)/Java/jre7/bin/client;C:/Program Files (x86)/Java/jre7/bin;C:/Program Files (x86)/Java/jre7/lib/i386;C:\Program Files (x86)\NVIDIA Corporation\PhysX\Common;C:\Program Files (x86)\Intel\iCLS Client\;C:\Program Files\Intel\iCLS Client\;C:\Windows\system32;C:\Windows;C:\Windows\System32\Wbem;C:\Windows\System32\WindowsPowerShell\v1.0\;C:\Program Files (x86)\Intel\OpenCL SDK\2.0\bin\x86;C:\Program Files (x86)\Intel\OpenCL SDK\2.0\bin\x64;C:\Program Files (x86)\Intel\OpenCL SDK\2.0\bin\x86;C:\Program Files (x86)\Intel\OpenCL SDK\2.0\bin\x64;C:\Program Files\Intel\Intel(R) Management Engine Components\DAL;C:\Program Files\Intel\Intel(R) Management Engine Components\IPT;C:\Program Files (x86)\Intel\Intel(R) Management Engine Components\DAL;C:\Program Files (x86)\Intel\Intel(R) Management Engine Components\IPT;C:\Program Files (x86)\Microsoft SQL Server\100\Tools\Binn\;C:\Program Files\Microsoft SQL Server\100\Tools\Binn\;C:\Program Files\Microsoft SQL Server\100\DTS\Binn\;C:\MinGW\bin;C:\MinGW\msys\1.0\bin;C:\Program Files (x86)\VDMSound;jnibwapi/dependencies/AMD64/dll;C:\Program Files (x86)\Eclipse\eclipseTFG;
USERNAME=Lin
OS=Windows_NT
PROCESSOR_IDENTIFIER=Intel64 Family 6 Model 58 Stepping 9, GenuineIntel



---------------  S Y S T E M  ---------------

OS: Windows 7 , 64 bit Build 7601 Service Pack 1

CPU:total 8 (4 cores per cpu, 2 threads per core) family 6 model 58 stepping 9, cmov, cx8, fxsr, mmx, sse, sse2, sse3, ssse3, sse4.1, sse4.2, popcnt, avx, aes, erms, ht, tsc, tscinvbit, tscinv

Memory: 4k page, physical 8271676k(4079660k free), swap 16541488k(11782760k free)

vm_info: Java HotSpot(TM) Client VM (24.65-b04) for windows-x86 JRE (1.7.0_67-b01), built on Jul 25 2014 10:20:53 by "java_re" with unknown MS VC++:1600

time: Fri Oct 10 00:25:09 2014
elapsed time: 301 seconds

